<?xml version="1.0" encoding="UTF-8"?>
<testng-results ignored="0" total="0" passed="0" failed="0" skipped="0">
  <reporter-output>
  </reporter-output>
  <suite started-at="2025-11-13T15:58:31 WAT" name="Surefire suite" finished-at="2025-11-13T15:58:31 WAT" duration-ms="0">
    <groups>
    </groups>
    <test started-at="2025-11-13T15:58:31 WAT" name="Surefire test" finished-at="2025-11-13T15:58:31 WAT" duration-ms="0">
    </test> <!-- Surefire test -->
  </suite> <!-- Surefire suite -->
</testng-results>
